<?xml version="1.0" encoding="UTF-8"?>
<testsuite xmlns:xsi="http://www.w3.org/2001/XMLSchema-instance" xsi:noNamespaceSchemaLocation="https://maven.apache.org/surefire/maven-surefire-plugin/xsd/surefire-test-report.xsd" name="mflix.api.daos.ProjectionTest" time="39.205" tests="2" errors="0" skipped="0" failures="0">
  <properties>
[...]
</properties>
  <testcase name="testProjectionShape" classname="mflix.api.daos.ProjectionTest" time="1.301"/>
  <testcase name="testFindMoviesByCountry" classname="mflix.api.daos.ProjectionTest" time="0.088"/>
</testsuite>