<?xml version="1.0" encoding="UTF-8"?>
<testsuite xmlns:xsi="http://www.w3.org/2001/XMLSchema-instance" xsi:noNamespaceSchemaLocation="https://maven.apache.org/surefire/maven-surefire-plugin/xsd/surefire-test-report.xsd" name="mflix.api.daos.MigrationTest" time="30.198" tests="2" errors="0" skipped="0" failures="2">
  <properties>
[...]
</properties>
  <testcase name="testAllDocumentsIMDBRatingNumber" classname="mflix.api.daos.MigrationTest" time="15.186">
    <failure message="Should not find documents where `imdb.rating` is of not of `number` type expected:&lt;0&gt; but was:&lt;61&gt;" type="java.lang.AssertionError"><![CDATA[java.lang.AssertionError: Should not find documents where `imdb.rating` is of not of `number` type expected:<0> but was:<61>
	at mflix.api.daos.MigrationTest.testAllDocumentsIMDBRatingNumber(MigrationTest.java:42)
]]></failure>
    <system-out><![CDATA[2020-02-02 01:49:36.782  INFO 76492 --- [ngodb.net:27017] org.mongodb.driver.cluster               : Monitor thread successfully connected to server with description ServerDescription{address=mflix-shard-00-00-fl3im.mongodb.net:27017, type=REPLICA_SET_SECONDARY, state=CONNECTED, ok=true, version=ServerVersion{versionList=[4, 2, 3]}, minWireVersion=0, maxWireVersion=8, maxDocumentSize=16777216, logicalSessionTimeoutMinutes=30, roundTripTimeNanos=79790835, setName='mflix-shard-0', canonicalAddress=mflix-shard-00-00-fl3im.mongodb.net:27017, hosts=[mflix-shard-00-00-fl3im.mongodb.net:27017, mflix-shard-00-01-fl3im.mongodb.net:27017, mflix-shard-00-02-fl3im.mongodb.net:27017], passives=[], arbiters=[], primary='mflix-shard-00-02-fl3im.mongodb.net:27017', tagSet=TagSet{[Tag{name='region', value='AP_SOUTH_1'}, Tag{name='nodeType', value='ELECTABLE'}, Tag{name='provider', value='AWS'}]}, electionId=null, setVersion=1, lastWriteDate=Sun Feb 02 01:49:35 IST 2020, lastUpdateTimeNanos=31847694274824}
2020-02-02 01:49:36.787  INFO 76492 --- [ngodb.net:27017] org.mongodb.driver.cluster               : Monitor thread successfully connected to server with description ServerDescription{address=mflix-shard-00-02-fl3im.mongodb.net:27017, type=REPLICA_SET_PRIMARY, state=CONNECTED, ok=true, version=ServerVersion{versionList=[4, 2, 3]}, minWireVersion=0, maxWireVersion=8, maxDocumentSize=16777216, logicalSessionTimeoutMinutes=30, roundTripTimeNanos=76878205, setName='mflix-shard-0', canonicalAddress=mflix-shard-00-02-fl3im.mongodb.net:27017, hosts=[mflix-shard-00-00-fl3im.mongodb.net:27017, mflix-shard-00-01-fl3im.mongodb.net:27017, mflix-shard-00-02-fl3im.mongodb.net:27017], passives=[], arbiters=[], primary='mflix-shard-00-02-fl3im.mongodb.net:27017', tagSet=TagSet{[Tag{name='region', value='AP_SOUTH_1'}, Tag{name='nodeType', value='ELECTABLE'}, Tag{name='provider', value='AWS'}]}, electionId=7fffffff0000000000000005, setVersion=1, lastWriteDate=Sun Feb 02 01:49:35 IST 2020, lastUpdateTimeNanos=31847700142090}
2020-02-02 01:49:36.787  INFO 76492 --- [ngodb.net:27017] org.mongodb.driver.cluster               : Monitor thread successfully connected to server with description ServerDescription{address=mflix-shard-00-01-fl3im.mongodb.net:27017, type=REPLICA_SET_SECONDARY, state=CONNECTED, ok=true, version=ServerVersion{versionList=[4, 2, 3]}, minWireVersion=0, maxWireVersion=8, maxDocumentSize=16777216, logicalSessionTimeoutMinutes=30, roundTripTimeNanos=81830910, setName='mflix-shard-0', canonicalAddress=mflix-shard-00-01-fl3im.mongodb.net:27017, hosts=[mflix-shard-00-00-fl3im.mongodb.net:27017, mflix-shard-00-01-fl3im.mongodb.net:27017, mflix-shard-00-02-fl3im.mongodb.net:27017], passives=[], arbiters=[], primary='mflix-shard-00-02-fl3im.mongodb.net:27017', tagSet=TagSet{[Tag{name='region', value='AP_SOUTH_1'}, Tag{name='nodeType', value='ELECTABLE'}, Tag{name='provider', value='AWS'}]}, electionId=null, setVersion=1, lastWriteDate=Sun Feb 02 01:49:35 IST 2020, lastUpdateTimeNanos=31847699654776}
2020-02-02 01:49:39.016  INFO 76492 --- [ngodb.net:27017] org.mongodb.driver.cluster               : Monitor thread successfully connected to server with description ServerDescription{address=mflix-shard-00-02-fl3im.mongodb.net:27017, type=REPLICA_SET_PRIMARY, state=CONNECTED, ok=true, version=ServerVersion{versionList=[4, 2, 3]}, minWireVersion=0, maxWireVersion=8, maxDocumentSize=16777216, logicalSessionTimeoutMinutes=30, roundTripTimeNanos=45212109, setName='mflix-shard-0', canonicalAddress=mflix-shard-00-02-fl3im.mongodb.net:27017, hosts=[mflix-shard-00-00-fl3im.mongodb.net:27017, mflix-shard-00-01-fl3im.mongodb.net:27017, mflix-shard-00-02-fl3im.mongodb.net:27017], passives=[], arbiters=[], primary='mflix-shard-00-02-fl3im.mongodb.net:27017', tagSet=TagSet{[Tag{name='region', value='AP_SOUTH_1'}, Tag{name='nodeType', value='ELECTABLE'}, Tag{name='provider', value='AWS'}]}, electionId=7fffffff0000000000000005, setVersion=1, lastWriteDate=Sun Feb 02 01:49:35 IST 2020, lastUpdateTimeNanos=31849928850040}
2020-02-02 01:49:39.016  INFO 76492 --- [ngodb.net:27017] org.mongodb.driver.cluster               : Monitor thread successfully connected to server with description ServerDescription{address=mflix-shard-00-00-fl3im.mongodb.net:27017, type=REPLICA_SET_SECONDARY, state=CONNECTED, ok=true, version=ServerVersion{versionList=[4, 2, 3]}, minWireVersion=0, maxWireVersion=8, maxDocumentSize=16777216, logicalSessionTimeoutMinutes=30, roundTripTimeNanos=44608249, setName='mflix-shard-0', canonicalAddress=mflix-shard-00-00-fl3im.mongodb.net:27017, hosts=[mflix-shard-00-00-fl3im.mongodb.net:27017, mflix-shard-00-01-fl3im.mongodb.net:27017, mflix-shard-00-02-fl3im.mongodb.net:27017], passives=[], arbiters=[], primary='mflix-shard-00-02-fl3im.mongodb.net:27017', tagSet=TagSet{[Tag{name='region', value='AP_SOUTH_1'}, Tag{name='nodeType', value='ELECTABLE'}, Tag{name='provider', value='AWS'}]}, electionId=null, setVersion=1, lastWriteDate=Sun Feb 02 01:49:35 IST 2020, lastUpdateTimeNanos=31849928797205}
2020-02-02 01:49:39.563  INFO 76492 --- [ngodb.net:27017] org.mongodb.driver.cluster               : Monitor thread successfully connected to server with description ServerDescription{address=mflix-shard-00-01-fl3im.mongodb.net:27017, type=REPLICA_SET_SECONDARY, state=CONNECTED, ok=true, version=ServerVersion{versionList=[4, 2, 3]}, minWireVersion=0, maxWireVersion=8, maxDocumentSize=16777216, logicalSessionTimeoutMinutes=30, roundTripTimeNanos=48598536, setName='mflix-shard-0', canonicalAddress=mflix-shard-00-01-fl3im.mongodb.net:27017, hosts=[mflix-shard-00-00-fl3im.mongodb.net:27017, mflix-shard-00-01-fl3im.mongodb.net:27017, mflix-shard-00-02-fl3im.mongodb.net:27017], passives=[], arbiters=[], primary='mflix-shard-00-02-fl3im.mongodb.net:27017', tagSet=TagSet{[Tag{name='region', value='AP_SOUTH_1'}, Tag{name='nodeType', value='ELECTABLE'}, Tag{name='provider', value='AWS'}]}, electionId=null, setVersion=1, lastWriteDate=Sun Feb 02 01:49:35 IST 2020, lastUpdateTimeNanos=31850476130825}
2020-02-02 01:49:43.929  INFO 76492 --- [ngodb.net:27017] org.mongodb.driver.cluster               : Monitor thread successfully connected to server with description ServerDescription{address=mflix-shard-00-02-fl3im.mongodb.net:27017, type=REPLICA_SET_PRIMARY, state=CONNECTED, ok=true, version=ServerVersion{versionList=[4, 2, 3]}, minWireVersion=0, maxWireVersion=8, maxDocumentSize=16777216, logicalSessionTimeoutMinutes=30, roundTripTimeNanos=47574815, setName='mflix-shard-0', canonicalAddress=mflix-shard-00-02-fl3im.mongodb.net:27017, hosts=[mflix-shard-00-00-fl3im.mongodb.net:27017, mflix-shard-00-01-fl3im.mongodb.net:27017, mflix-shard-00-02-fl3im.mongodb.net:27017], passives=[], arbiters=[], primary='mflix-shard-00-02-fl3im.mongodb.net:27017', tagSet=TagSet{[Tag{name='region', value='AP_SOUTH_1'}, Tag{name='nodeType', value='ELECTABLE'}, Tag{name='provider', value='AWS'}]}, electionId=7fffffff0000000000000005, setVersion=1, lastWriteDate=Sun Feb 02 01:49:35 IST 2020, lastUpdateTimeNanos=31854842070111}
2020-02-02 01:49:43.950  INFO 76492 --- [ngodb.net:27017] org.mongodb.driver.cluster               : Monitor thread successfully connected to server with description ServerDescription{address=mflix-shard-00-01-fl3im.mongodb.net:27017, type=REPLICA_SET_SECONDARY, state=CONNECTED, ok=true, version=ServerVersion{versionList=[4, 2, 3]}, minWireVersion=0, maxWireVersion=8, maxDocumentSize=16777216, logicalSessionTimeoutMinutes=30, roundTripTimeNanos=45093512, setName='mflix-shard-0', canonicalAddress=mflix-shard-00-01-fl3im.mongodb.net:27017, hosts=[mflix-shard-00-00-fl3im.mongodb.net:27017, mflix-shard-00-01-fl3im.mongodb.net:27017, mflix-shard-00-02-fl3im.mongodb.net:27017], passives=[], arbiters=[], primary='mflix-shard-00-02-fl3im.mongodb.net:27017', tagSet=TagSet{[Tag{name='region', value='AP_SOUTH_1'}, Tag{name='provider', value='AWS'}, Tag{name='nodeType', value='ELECTABLE'}]}, electionId=null, setVersion=1, lastWriteDate=Sun Feb 02 01:49:35 IST 2020, lastUpdateTimeNanos=31854862845608}
2020-02-02 01:49:46.836  INFO 76492 --- [ngodb.net:27017] org.mongodb.driver.cluster               : Monitor thread successfully connected to server with description ServerDescription{address=mflix-shard-00-01-fl3im.mongodb.net:27017, type=REPLICA_SET_SECONDARY, state=CONNECTED, ok=true, version=ServerVersion{versionList=[4, 2, 3]}, minWireVersion=0, maxWireVersion=8, maxDocumentSize=16777216, logicalSessionTimeoutMinutes=30, roundTripTimeNanos=74681741, setName='mflix-shard-0', canonicalAddress=mflix-shard-00-01-fl3im.mongodb.net:27017, hosts=[mflix-shard-00-00-fl3im.mongodb.net:27017, mflix-shard-00-01-fl3im.mongodb.net:27017, mflix-shard-00-02-fl3im.mongodb.net:27017], passives=[], arbiters=[], primary='mflix-shard-00-02-fl3im.mongodb.net:27017', tagSet=TagSet{[Tag{name='region', value='AP_SOUTH_1'}, Tag{name='provider', value='AWS'}, Tag{name='nodeType', value='ELECTABLE'}]}, electionId=null, setVersion=1, lastWriteDate=Sun Feb 02 01:49:45 IST 2020, lastUpdateTimeNanos=31857748386219}
2020-02-02 01:49:46.836  INFO 76492 --- [ngodb.net:27017] org.mongodb.driver.cluster               : Monitor thread successfully connected to server with description ServerDescription{address=mflix-shard-00-02-fl3im.mongodb.net:27017, type=REPLICA_SET_PRIMARY, state=CONNECTED, ok=true, version=ServerVersion{versionList=[4, 2, 3]}, minWireVersion=0, maxWireVersion=8, maxDocumentSize=16777216, logicalSessionTimeoutMinutes=30, roundTripTimeNanos=70717936, setName='mflix-shard-0', canonicalAddress=mflix-shard-00-02-fl3im.mongodb.net:27017, hosts=[mflix-shard-00-00-fl3im.mongodb.net:27017, mflix-shard-00-01-fl3im.mongodb.net:27017, mflix-shard-00-02-fl3im.mongodb.net:27017], passives=[], arbiters=[], primary='mflix-shard-00-02-fl3im.mongodb.net:27017', tagSet=TagSet{[Tag{name='nodeType', value='ELECTABLE'}, Tag{name='region', value='AP_SOUTH_1'}, Tag{name='provider', value='AWS'}]}, electionId=7fffffff0000000000000005, setVersion=1, lastWriteDate=Sun Feb 02 01:49:45 IST 2020, lastUpdateTimeNanos=31857748380064}
2020-02-02 01:49:49.061  INFO 76492 --- [ngodb.net:27017] org.mongodb.driver.cluster               : Monitor thread successfully connected to server with description ServerDescription{address=mflix-shard-00-02-fl3im.mongodb.net:27017, type=REPLICA_SET_PRIMARY, state=CONNECTED, ok=true, version=ServerVersion{versionList=[4, 2, 3]}, minWireVersion=0, maxWireVersion=8, maxDocumentSize=16777216, logicalSessionTimeoutMinutes=30, roundTripTimeNanos=44782533, setName='mflix-shard-0', canonicalAddress=mflix-shard-00-02-fl3im.mongodb.net:27017, hosts=[mflix-shard-00-00-fl3im.mongodb.net:27017, mflix-shard-00-01-fl3im.mongodb.net:27017, mflix-shard-00-02-fl3im.mongodb.net:27017], passives=[], arbiters=[], primary='mflix-shard-00-02-fl3im.mongodb.net:27017', tagSet=TagSet{[Tag{name='nodeType', value='ELECTABLE'}, Tag{name='region', value='AP_SOUTH_1'}, Tag{name='provider', value='AWS'}]}, electionId=7fffffff0000000000000005, setVersion=1, lastWriteDate=Sun Feb 02 01:49:45 IST 2020, lastUpdateTimeNanos=31859973996901}
2020-02-02 01:49:49.610  INFO 76492 --- [ngodb.net:27017] org.mongodb.driver.cluster               : Monitor thread successfully connected to server with description ServerDescription{address=mflix-shard-00-01-fl3im.mongodb.net:27017, type=REPLICA_SET_SECONDARY, state=CONNECTED, ok=true, version=ServerVersion{versionList=[4, 2, 3]}, minWireVersion=0, maxWireVersion=8, maxDocumentSize=16777216, logicalSessionTimeoutMinutes=30, roundTripTimeNanos=47900404, setName='mflix-shard-0', canonicalAddress=mflix-shard-00-01-fl3im.mongodb.net:27017, hosts=[mflix-shard-00-00-fl3im.mongodb.net:27017, mflix-shard-00-01-fl3im.mongodb.net:27017, mflix-shard-00-02-fl3im.mongodb.net:27017], passives=[], arbiters=[], primary='mflix-shard-00-02-fl3im.mongodb.net:27017', tagSet=TagSet{[Tag{name='region', value='AP_SOUTH_1'}, Tag{name='provider', value='AWS'}, Tag{name='nodeType', value='ELECTABLE'}]}, electionId=null, setVersion=1, lastWriteDate=Sun Feb 02 01:49:45 IST 2020, lastUpdateTimeNanos=31860522992008}
2020-02-02 01:49:50.575  INFO 76492 --- [           main] org.mongodb.driver.cluster               : Cluster created with settings {hosts=[mflix-shard-00-00-fl3im.mongodb.net:27017, mflix-shard-00-01-fl3im.mongodb.net:27017, mflix-shard-00-02-fl3im.mongodb.net:27017], mode=MULTIPLE, requiredClusterType=REPLICA_SET, serverSelectionTimeout='30000 ms', maxWaitQueueSize=500, requiredReplicaSetName='mflix-shard-0'}
2020-02-02 01:49:50.576  INFO 76492 --- [           main] org.mongodb.driver.cluster               : Adding discovered server mflix-shard-00-00-fl3im.mongodb.net:27017 to client view of cluster
2020-02-02 01:49:50.579  INFO 76492 --- [           main] org.mongodb.driver.cluster               : Adding discovered server mflix-shard-00-01-fl3im.mongodb.net:27017 to client view of cluster
2020-02-02 01:49:50.586  INFO 76492 --- [           main] org.mongodb.driver.cluster               : Adding discovered server mflix-shard-00-02-fl3im.mongodb.net:27017 to client view of cluster
2020-02-02 01:49:50.596  INFO 76492 --- [           main] org.mongodb.driver.cluster               : No server chosen by com.mongodb.client.internal.MongoClientDelegate$1@7454f311 from cluster description ClusterDescription{type=REPLICA_SET, connectionMode=MULTIPLE, serverDescriptions=[ServerDescription{address=mflix-shard-00-02-fl3im.mongodb.net:27017, type=UNKNOWN, state=CONNECTING}, ServerDescription{address=mflix-shard-00-01-fl3im.mongodb.net:27017, type=UNKNOWN, state=CONNECTING}, ServerDescription{address=mflix-shard-00-00-fl3im.mongodb.net:27017, type=UNKNOWN, state=CONNECTING}]}. Waiting for 30000 ms before timing out
2020-02-02 01:49:50.881  INFO 76492 --- [ngodb.net:27017] org.mongodb.driver.connection            : Opened connection [connectionId{localValue:15, serverValue:70271}] to mflix-shard-00-02-fl3im.mongodb.net:27017
2020-02-02 01:49:50.929  INFO 76492 --- [ngodb.net:27017] org.mongodb.driver.cluster               : Monitor thread successfully connected to server with description ServerDescription{address=mflix-shard-00-02-fl3im.mongodb.net:27017, type=REPLICA_SET_PRIMARY, state=CONNECTED, ok=true, version=ServerVersion{versionList=[4, 2, 3]}, minWireVersion=0, maxWireVersion=8, maxDocumentSize=16777216, logicalSessionTimeoutMinutes=30, roundTripTimeNanos=46912479, setName='mflix-shard-0', canonicalAddress=mflix-shard-00-02-fl3im.mongodb.net:27017, hosts=[mflix-shard-00-00-fl3im.mongodb.net:27017, mflix-shard-00-01-fl3im.mongodb.net:27017, mflix-shard-00-02-fl3im.mongodb.net:27017], passives=[], arbiters=[], primary='mflix-shard-00-02-fl3im.mongodb.net:27017', tagSet=TagSet{[Tag{name='nodeType', value='ELECTABLE'}, Tag{name='region', value='AP_SOUTH_1'}, Tag{name='provider', value='AWS'}]}, electionId=7fffffff0000000000000005, setVersion=1, lastWriteDate=Sun Feb 02 01:49:45 IST 2020, lastUpdateTimeNanos=31861841896217}
2020-02-02 01:49:50.930  INFO 76492 --- [ngodb.net:27017] org.mongodb.driver.cluster               : Setting max election id to 7fffffff0000000000000005 from replica set primary mflix-shard-00-02-fl3im.mongodb.net:27017
2020-02-02 01:49:50.930  INFO 76492 --- [ngodb.net:27017] org.mongodb.driver.cluster               : Setting max set version to 1 from replica set primary mflix-shard-00-02-fl3im.mongodb.net:27017
2020-02-02 01:49:50.931  INFO 76492 --- [ngodb.net:27017] org.mongodb.driver.cluster               : Discovered replica set primary mflix-shard-00-02-fl3im.mongodb.net:27017
2020-02-02 01:49:50.947  INFO 76492 --- [ngodb.net:27017] org.mongodb.driver.connection            : Opened connection [connectionId{localValue:13, serverValue:60013}] to mflix-shard-00-00-fl3im.mongodb.net:27017
2020-02-02 01:49:50.965  INFO 76492 --- [ngodb.net:27017] org.mongodb.driver.connection            : Opened connection [connectionId{localValue:14, serverValue:52931}] to mflix-shard-00-01-fl3im.mongodb.net:27017
2020-02-02 01:49:51.004  INFO 76492 --- [ngodb.net:27017] org.mongodb.driver.cluster               : Monitor thread successfully connected to server with description ServerDescription{address=mflix-shard-00-00-fl3im.mongodb.net:27017, type=REPLICA_SET_SECONDARY, state=CONNECTED, ok=true, version=ServerVersion{versionList=[4, 2, 3]}, minWireVersion=0, maxWireVersion=8, maxDocumentSize=16777216, logicalSessionTimeoutMinutes=30, roundTripTimeNanos=55982683, setName='mflix-shard-0', canonicalAddress=mflix-shard-00-00-fl3im.mongodb.net:27017, hosts=[mflix-shard-00-00-fl3im.mongodb.net:27017, mflix-shard-00-01-fl3im.mongodb.net:27017, mflix-shard-00-02-fl3im.mongodb.net:27017], passives=[], arbiters=[], primary='mflix-shard-00-02-fl3im.mongodb.net:27017', tagSet=TagSet{[Tag{name='region', value='AP_SOUTH_1'}, Tag{name='nodeType', value='ELECTABLE'}, Tag{name='provider', value='AWS'}]}, electionId=null, setVersion=1, lastWriteDate=Sun Feb 02 01:49:45 IST 2020, lastUpdateTimeNanos=31861917168857}
2020-02-02 01:49:51.023  INFO 76492 --- [ngodb.net:27017] org.mongodb.driver.cluster               : Monitor thread successfully connected to server with description ServerDescription{address=mflix-shard-00-01-fl3im.mongodb.net:27017, type=REPLICA_SET_SECONDARY, state=CONNECTED, ok=true, version=ServerVersion{versionList=[4, 2, 3]}, minWireVersion=0, maxWireVersion=8, maxDocumentSize=16777216, logicalSessionTimeoutMinutes=30, roundTripTimeNanos=56189406, setName='mflix-shard-0', canonicalAddress=mflix-shard-00-01-fl3im.mongodb.net:27017, hosts=[mflix-shard-00-00-fl3im.mongodb.net:27017, mflix-shard-00-01-fl3im.mongodb.net:27017, mflix-shard-00-02-fl3im.mongodb.net:27017], passives=[], arbiters=[], primary='mflix-shard-00-02-fl3im.mongodb.net:27017', tagSet=TagSet{[Tag{name='region', value='AP_SOUTH_1'}, Tag{name='provider', value='AWS'}, Tag{name='nodeType', value='ELECTABLE'}]}, electionId=null, setVersion=1, lastWriteDate=Sun Feb 02 01:49:45 IST 2020, lastUpdateTimeNanos=31861935749899}
2020-02-02 01:49:51.646  INFO 76492 --- [           main] org.mongodb.driver.connection            : Opened connection [connectionId{localValue:16, serverValue:66690}] to mflix-shard-00-02-fl3im.mongodb.net:27017
]]></system-out>
  </testcase>
  <testcase name="testAllDocumentsUpdateDateIsDateType" classname="mflix.api.daos.MigrationTest" time="15.01">
    <failure message="Should not find documents where `lastupdated` is of `string` type expected:&lt;0&gt; but was:&lt;23539&gt;" type="java.lang.AssertionError"><![CDATA[java.lang.AssertionError: Should not find documents where `lastupdated` is of `string` type expected:<0> but was:<23539>
	at mflix.api.daos.MigrationTest.testAllDocumentsUpdateDateIsDateType(MigrationTest.java:31)
]]></failure>
    <system-out><![CDATA[2020-02-02 01:49:53.981  INFO 76492 --- [ngodb.net:27017] org.mongodb.driver.cluster               : Monitor thread successfully connected to server with description ServerDescription{address=mflix-shard-00-02-fl3im.mongodb.net:27017, type=REPLICA_SET_PRIMARY, state=CONNECTED, ok=true, version=ServerVersion{versionList=[4, 2, 3]}, minWireVersion=0, maxWireVersion=8, maxDocumentSize=16777216, logicalSessionTimeoutMinutes=30, roundTripTimeNanos=47964133, setName='mflix-shard-0', canonicalAddress=mflix-shard-00-02-fl3im.mongodb.net:27017, hosts=[mflix-shard-00-00-fl3im.mongodb.net:27017, mflix-shard-00-01-fl3im.mongodb.net:27017, mflix-shard-00-02-fl3im.mongodb.net:27017], passives=[], arbiters=[], primary='mflix-shard-00-02-fl3im.mongodb.net:27017', tagSet=TagSet{[Tag{name='region', value='AP_SOUTH_1'}, Tag{name='provider', value='AWS'}, Tag{name='nodeType', value='ELECTABLE'}]}, electionId=7fffffff0000000000000005, setVersion=1, lastWriteDate=Sun Feb 02 01:49:45 IST 2020, lastUpdateTimeNanos=31864893951145}
2020-02-02 01:49:54.003  INFO 76492 --- [ngodb.net:27017] org.mongodb.driver.cluster               : Monitor thread successfully connected to server with description ServerDescription{address=mflix-shard-00-01-fl3im.mongodb.net:27017, type=REPLICA_SET_SECONDARY, state=CONNECTED, ok=true, version=ServerVersion{versionList=[4, 2, 3]}, minWireVersion=0, maxWireVersion=8, maxDocumentSize=16777216, logicalSessionTimeoutMinutes=30, roundTripTimeNanos=45787858, setName='mflix-shard-0', canonicalAddress=mflix-shard-00-01-fl3im.mongodb.net:27017, hosts=[mflix-shard-00-00-fl3im.mongodb.net:27017, mflix-shard-00-01-fl3im.mongodb.net:27017, mflix-shard-00-02-fl3im.mongodb.net:27017], passives=[], arbiters=[], primary='mflix-shard-00-02-fl3im.mongodb.net:27017', tagSet=TagSet{[Tag{name='region', value='AP_SOUTH_1'}, Tag{name='nodeType', value='ELECTABLE'}, Tag{name='provider', value='AWS'}]}, electionId=null, setVersion=1, lastWriteDate=Sun Feb 02 01:49:45 IST 2020, lastUpdateTimeNanos=31864913312404}
2020-02-02 01:49:56.889  INFO 76492 --- [ngodb.net:27017] org.mongodb.driver.cluster               : Monitor thread successfully connected to server with description ServerDescription{address=mflix-shard-00-01-fl3im.mongodb.net:27017, type=REPLICA_SET_SECONDARY, state=CONNECTED, ok=true, version=ServerVersion{versionList=[4, 2, 3]}, minWireVersion=0, maxWireVersion=8, maxDocumentSize=16777216, logicalSessionTimeoutMinutes=30, roundTripTimeNanos=69746316, setName='mflix-shard-0', canonicalAddress=mflix-shard-00-01-fl3im.mongodb.net:27017, hosts=[mflix-shard-00-00-fl3im.mongodb.net:27017, mflix-shard-00-01-fl3im.mongodb.net:27017, mflix-shard-00-02-fl3im.mongodb.net:27017], passives=[], arbiters=[], primary='mflix-shard-00-02-fl3im.mongodb.net:27017', tagSet=TagSet{[Tag{name='region', value='AP_SOUTH_1'}, Tag{name='nodeType', value='ELECTABLE'}, Tag{name='provider', value='AWS'}]}, electionId=null, setVersion=1, lastWriteDate=Sun Feb 02 01:49:55 IST 2020, lastUpdateTimeNanos=31867800937182}
2020-02-02 01:49:56.898  INFO 76492 --- [ngodb.net:27017] org.mongodb.driver.cluster               : Monitor thread successfully connected to server with description ServerDescription{address=mflix-shard-00-02-fl3im.mongodb.net:27017, type=REPLICA_SET_PRIMARY, state=CONNECTED, ok=true, version=ServerVersion{versionList=[4, 2, 3]}, minWireVersion=0, maxWireVersion=8, maxDocumentSize=16777216, logicalSessionTimeoutMinutes=30, roundTripTimeNanos=66362084, setName='mflix-shard-0', canonicalAddress=mflix-shard-00-02-fl3im.mongodb.net:27017, hosts=[mflix-shard-00-00-fl3im.mongodb.net:27017, mflix-shard-00-01-fl3im.mongodb.net:27017, mflix-shard-00-02-fl3im.mongodb.net:27017], passives=[], arbiters=[], primary='mflix-shard-00-02-fl3im.mongodb.net:27017', tagSet=TagSet{[Tag{name='region', value='AP_SOUTH_1'}, Tag{name='nodeType', value='ELECTABLE'}, Tag{name='provider', value='AWS'}]}, electionId=7fffffff0000000000000005, setVersion=1, lastWriteDate=Sun Feb 02 01:49:55 IST 2020, lastUpdateTimeNanos=31867800946415}
2020-02-02 01:49:59.114  INFO 76492 --- [ngodb.net:27017] org.mongodb.driver.cluster               : Monitor thread successfully connected to server with description ServerDescription{address=mflix-shard-00-02-fl3im.mongodb.net:27017, type=REPLICA_SET_PRIMARY, state=CONNECTED, ok=true, version=ServerVersion{versionList=[4, 2, 3]}, minWireVersion=0, maxWireVersion=8, maxDocumentSize=16777216, logicalSessionTimeoutMinutes=30, roundTripTimeNanos=46002280, setName='mflix-shard-0', canonicalAddress=mflix-shard-00-02-fl3im.mongodb.net:27017, hosts=[mflix-shard-00-00-fl3im.mongodb.net:27017, mflix-shard-00-01-fl3im.mongodb.net:27017, mflix-shard-00-02-fl3im.mongodb.net:27017], passives=[], arbiters=[], primary='mflix-shard-00-02-fl3im.mongodb.net:27017', tagSet=TagSet{[Tag{name='region', value='AP_SOUTH_1'}, Tag{name='nodeType', value='ELECTABLE'}, Tag{name='provider', value='AWS'}]}, electionId=7fffffff0000000000000005, setVersion=1, lastWriteDate=Sun Feb 02 01:49:55 IST 2020, lastUpdateTimeNanos=31870027070060}
2020-02-02 01:49:59.656  INFO 76492 --- [ngodb.net:27017] org.mongodb.driver.cluster               : Monitor thread successfully connected to server with description ServerDescription{address=mflix-shard-00-01-fl3im.mongodb.net:27017, type=REPLICA_SET_SECONDARY, state=CONNECTED, ok=true, version=ServerVersion{versionList=[4, 2, 3]}, minWireVersion=0, maxWireVersion=8, maxDocumentSize=16777216, logicalSessionTimeoutMinutes=30, roundTripTimeNanos=47311941, setName='mflix-shard-0', canonicalAddress=mflix-shard-00-01-fl3im.mongodb.net:27017, hosts=[mflix-shard-00-00-fl3im.mongodb.net:27017, mflix-shard-00-01-fl3im.mongodb.net:27017, mflix-shard-00-02-fl3im.mongodb.net:27017], passives=[], arbiters=[], primary='mflix-shard-00-02-fl3im.mongodb.net:27017', tagSet=TagSet{[Tag{name='region', value='AP_SOUTH_1'}, Tag{name='nodeType', value='ELECTABLE'}, Tag{name='provider', value='AWS'}]}, electionId=null, setVersion=1, lastWriteDate=Sun Feb 02 01:49:55 IST 2020, lastUpdateTimeNanos=31870569330481}
2020-02-02 01:50:00.981  INFO 76492 --- [ngodb.net:27017] org.mongodb.driver.cluster               : Monitor thread successfully connected to server with description ServerDescription{address=mflix-shard-00-02-fl3im.mongodb.net:27017, type=REPLICA_SET_PRIMARY, state=CONNECTED, ok=true, version=ServerVersion{versionList=[4, 2, 3]}, minWireVersion=0, maxWireVersion=8, maxDocumentSize=16777216, logicalSessionTimeoutMinutes=30, roundTripTimeNanos=47144645, setName='mflix-shard-0', canonicalAddress=mflix-shard-00-02-fl3im.mongodb.net:27017, hosts=[mflix-shard-00-00-fl3im.mongodb.net:27017, mflix-shard-00-01-fl3im.mongodb.net:27017, mflix-shard-00-02-fl3im.mongodb.net:27017], passives=[], arbiters=[], primary='mflix-shard-00-02-fl3im.mongodb.net:27017', tagSet=TagSet{[Tag{name='region', value='AP_SOUTH_1'}, Tag{name='nodeType', value='ELECTABLE'}, Tag{name='provider', value='AWS'}]}, electionId=7fffffff0000000000000005, setVersion=1, lastWriteDate=Sun Feb 02 01:49:55 IST 2020, lastUpdateTimeNanos=31871894175310}
2020-02-02 01:50:01.068  INFO 76492 --- [ngodb.net:27017] org.mongodb.driver.cluster               : Monitor thread successfully connected to server with description ServerDescription{address=mflix-shard-00-01-fl3im.mongodb.net:27017, type=REPLICA_SET_SECONDARY, state=CONNECTED, ok=true, version=ServerVersion{versionList=[4, 2, 3]}, minWireVersion=0, maxWireVersion=8, maxDocumentSize=16777216, logicalSessionTimeoutMinutes=30, roundTripTimeNanos=53604279, setName='mflix-shard-0', canonicalAddress=mflix-shard-00-01-fl3im.mongodb.net:27017, hosts=[mflix-shard-00-00-fl3im.mongodb.net:27017, mflix-shard-00-01-fl3im.mongodb.net:27017, mflix-shard-00-02-fl3im.mongodb.net:27017], passives=[], arbiters=[], primary='mflix-shard-00-02-fl3im.mongodb.net:27017', tagSet=TagSet{[Tag{name='region', value='AP_SOUTH_1'}, Tag{name='nodeType', value='ELECTABLE'}, Tag{name='provider', value='AWS'}]}, electionId=null, setVersion=1, lastWriteDate=Sun Feb 02 01:49:55 IST 2020, lastUpdateTimeNanos=31871980409959}
2020-02-02 01:50:04.030  INFO 76492 --- [ngodb.net:27017] org.mongodb.driver.cluster               : Monitor thread successfully connected to server with description ServerDescription{address=mflix-shard-00-02-fl3im.mongodb.net:27017, type=REPLICA_SET_PRIMARY, state=CONNECTED, ok=true, version=ServerVersion{versionList=[4, 2, 3]}, minWireVersion=0, maxWireVersion=8, maxDocumentSize=16777216, logicalSessionTimeoutMinutes=30, roundTripTimeNanos=47837620, setName='mflix-shard-0', canonicalAddress=mflix-shard-00-02-fl3im.mongodb.net:27017, hosts=[mflix-shard-00-00-fl3im.mongodb.net:27017, mflix-shard-00-01-fl3im.mongodb.net:27017, mflix-shard-00-02-fl3im.mongodb.net:27017], passives=[], arbiters=[], primary='mflix-shard-00-02-fl3im.mongodb.net:27017', tagSet=TagSet{[Tag{name='nodeType', value='ELECTABLE'}, Tag{name='region', value='AP_SOUTH_1'}, Tag{name='provider', value='AWS'}]}, electionId=7fffffff0000000000000005, setVersion=1, lastWriteDate=Sun Feb 02 01:49:55 IST 2020, lastUpdateTimeNanos=31874942871359}
2020-02-02 01:50:04.049  INFO 76492 --- [ngodb.net:27017] org.mongodb.driver.cluster               : Monitor thread successfully connected to server with description ServerDescription{address=mflix-shard-00-01-fl3im.mongodb.net:27017, type=REPLICA_SET_SECONDARY, state=CONNECTED, ok=true, version=ServerVersion{versionList=[4, 2, 3]}, minWireVersion=0, maxWireVersion=8, maxDocumentSize=16777216, logicalSessionTimeoutMinutes=30, roundTripTimeNanos=45327053, setName='mflix-shard-0', canonicalAddress=mflix-shard-00-01-fl3im.mongodb.net:27017, hosts=[mflix-shard-00-00-fl3im.mongodb.net:27017, mflix-shard-00-01-fl3im.mongodb.net:27017, mflix-shard-00-02-fl3im.mongodb.net:27017], passives=[], arbiters=[], primary='mflix-shard-00-02-fl3im.mongodb.net:27017', tagSet=TagSet{[Tag{name='region', value='AP_SOUTH_1'}, Tag{name='provider', value='AWS'}, Tag{name='nodeType', value='ELECTABLE'}]}, electionId=null, setVersion=1, lastWriteDate=Sun Feb 02 01:49:55 IST 2020, lastUpdateTimeNanos=31874961952027}
2020-02-02 01:50:05.835  INFO 76492 --- [           main] org.mongodb.driver.cluster               : Cluster created with settings {hosts=[mflix-shard-00-02-fl3im.mongodb.net:27017, mflix-shard-00-00-fl3im.mongodb.net:27017, mflix-shard-00-01-fl3im.mongodb.net:27017], mode=MULTIPLE, requiredClusterType=REPLICA_SET, serverSelectionTimeout='30000 ms', maxWaitQueueSize=500, requiredReplicaSetName='mflix-shard-0'}
2020-02-02 01:50:05.835  INFO 76492 --- [           main] org.mongodb.driver.cluster               : Adding discovered server mflix-shard-00-02-fl3im.mongodb.net:27017 to client view of cluster
2020-02-02 01:50:05.838  INFO 76492 --- [           main] org.mongodb.driver.cluster               : Adding discovered server mflix-shard-00-00-fl3im.mongodb.net:27017 to client view of cluster
2020-02-02 01:50:05.840  INFO 76492 --- [           main] org.mongodb.driver.cluster               : Adding discovered server mflix-shard-00-01-fl3im.mongodb.net:27017 to client view of cluster
2020-02-02 01:50:05.843  INFO 76492 --- [           main] org.mongodb.driver.cluster               : No server chosen by com.mongodb.client.internal.MongoClientDelegate$1@74149100 from cluster description ClusterDescription{type=REPLICA_SET, connectionMode=MULTIPLE, serverDescriptions=[ServerDescription{address=mflix-shard-00-02-fl3im.mongodb.net:27017, type=UNKNOWN, state=CONNECTING}, ServerDescription{address=mflix-shard-00-01-fl3im.mongodb.net:27017, type=UNKNOWN, state=CONNECTING}, ServerDescription{address=mflix-shard-00-00-fl3im.mongodb.net:27017, type=UNKNOWN, state=CONNECTING}]}. Waiting for 30000 ms before timing out
2020-02-02 01:50:06.139  INFO 76492 --- [ngodb.net:27017] org.mongodb.driver.connection            : Opened connection [connectionId{localValue:18, serverValue:60013}] to mflix-shard-00-00-fl3im.mongodb.net:27017
2020-02-02 01:50:06.144  INFO 76492 --- [ngodb.net:27017] org.mongodb.driver.connection            : Opened connection [connectionId{localValue:17, serverValue:66690}] to mflix-shard-00-02-fl3im.mongodb.net:27017
2020-02-02 01:50:06.150  INFO 76492 --- [ngodb.net:27017] org.mongodb.driver.connection            : Opened connection [connectionId{localValue:19, serverValue:52931}] to mflix-shard-00-01-fl3im.mongodb.net:27017
2020-02-02 01:50:06.182  INFO 76492 --- [ngodb.net:27017] org.mongodb.driver.cluster               : Monitor thread successfully connected to server with description ServerDescription{address=mflix-shard-00-00-fl3im.mongodb.net:27017, type=REPLICA_SET_SECONDARY, state=CONNECTED, ok=true, version=ServerVersion{versionList=[4, 2, 3]}, minWireVersion=0, maxWireVersion=8, maxDocumentSize=16777216, logicalSessionTimeoutMinutes=30, roundTripTimeNanos=42198866, setName='mflix-shard-0', canonicalAddress=mflix-shard-00-00-fl3im.mongodb.net:27017, hosts=[mflix-shard-00-00-fl3im.mongodb.net:27017, mflix-shard-00-01-fl3im.mongodb.net:27017, mflix-shard-00-02-fl3im.mongodb.net:27017], passives=[], arbiters=[], primary='mflix-shard-00-02-fl3im.mongodb.net:27017', tagSet=TagSet{[Tag{name='region', value='AP_SOUTH_1'}, Tag{name='nodeType', value='ELECTABLE'}, Tag{name='provider', value='AWS'}]}, electionId=null, setVersion=1, lastWriteDate=Sun Feb 02 01:49:55 IST 2020, lastUpdateTimeNanos=31877095445918}
2020-02-02 01:50:06.184  INFO 76492 --- [           main] org.mongodb.driver.cluster               : No server chosen by ReadPreferenceServerSelector{readPreference=primary} from cluster description ClusterDescription{type=REPLICA_SET, connectionMode=MULTIPLE, serverDescriptions=[ServerDescription{address=mflix-shard-00-02-fl3im.mongodb.net:27017, type=UNKNOWN, state=CONNECTING}, ServerDescription{address=mflix-shard-00-01-fl3im.mongodb.net:27017, type=UNKNOWN, state=CONNECTING}, ServerDescription{address=mflix-shard-00-00-fl3im.mongodb.net:27017, type=REPLICA_SET_SECONDARY, state=CONNECTED, ok=true, version=ServerVersion{versionList=[4, 2, 3]}, minWireVersion=0, maxWireVersion=8, maxDocumentSize=16777216, logicalSessionTimeoutMinutes=30, roundTripTimeNanos=42198866, setName='mflix-shard-0', canonicalAddress=mflix-shard-00-00-fl3im.mongodb.net:27017, hosts=[mflix-shard-00-00-fl3im.mongodb.net:27017, mflix-shard-00-01-fl3im.mongodb.net:27017, mflix-shard-00-02-fl3im.mongodb.net:27017], passives=[], arbiters=[], primary='mflix-shard-00-02-fl3im.mongodb.net:27017', tagSet=TagSet{[Tag{name='region', value='AP_SOUTH_1'}, Tag{name='nodeType', value='ELECTABLE'}, Tag{name='provider', value='AWS'}]}, electionId=null, setVersion=1, lastWriteDate=Sun Feb 02 01:49:55 IST 2020, lastUpdateTimeNanos=31877095445918}]}. Waiting for 30000 ms before timing out
2020-02-02 01:50:06.187  INFO 76492 --- [ngodb.net:27017] org.mongodb.driver.cluster               : Monitor thread successfully connected to server with description ServerDescription{address=mflix-shard-00-02-fl3im.mongodb.net:27017, type=REPLICA_SET_PRIMARY, state=CONNECTED, ok=true, version=ServerVersion{versionList=[4, 2, 3]}, minWireVersion=0, maxWireVersion=8, maxDocumentSize=16777216, logicalSessionTimeoutMinutes=30, roundTripTimeNanos=41836714, setName='mflix-shard-0', canonicalAddress=mflix-shard-00-02-fl3im.mongodb.net:27017, hosts=[mflix-shard-00-00-fl3im.mongodb.net:27017, mflix-shard-00-01-fl3im.mongodb.net:27017, mflix-shard-00-02-fl3im.mongodb.net:27017], passives=[], arbiters=[], primary='mflix-shard-00-02-fl3im.mongodb.net:27017', tagSet=TagSet{[Tag{name='nodeType', value='ELECTABLE'}, Tag{name='region', value='AP_SOUTH_1'}, Tag{name='provider', value='AWS'}]}, electionId=7fffffff0000000000000005, setVersion=1, lastWriteDate=Sun Feb 02 01:49:55 IST 2020, lastUpdateTimeNanos=31877100199029}
2020-02-02 01:50:06.188  INFO 76492 --- [ngodb.net:27017] org.mongodb.driver.cluster               : Setting max election id to 7fffffff0000000000000005 from replica set primary mflix-shard-00-02-fl3im.mongodb.net:27017
2020-02-02 01:50:06.188  INFO 76492 --- [ngodb.net:27017] org.mongodb.driver.cluster               : Setting max set version to 1 from replica set primary mflix-shard-00-02-fl3im.mongodb.net:27017
2020-02-02 01:50:06.189  INFO 76492 --- [ngodb.net:27017] org.mongodb.driver.cluster               : Discovered replica set primary mflix-shard-00-02-fl3im.mongodb.net:27017
2020-02-02 01:50:06.198  INFO 76492 --- [ngodb.net:27017] org.mongodb.driver.cluster               : Monitor thread successfully connected to server with description ServerDescription{address=mflix-shard-00-01-fl3im.mongodb.net:27017, type=REPLICA_SET_SECONDARY, state=CONNECTED, ok=true, version=ServerVersion{versionList=[4, 2, 3]}, minWireVersion=0, maxWireVersion=8, maxDocumentSize=16777216, logicalSessionTimeoutMinutes=30, roundTripTimeNanos=47068419, setName='mflix-shard-0', canonicalAddress=mflix-shard-00-01-fl3im.mongodb.net:27017, hosts=[mflix-shard-00-00-fl3im.mongodb.net:27017, mflix-shard-00-01-fl3im.mongodb.net:27017, mflix-shard-00-02-fl3im.mongodb.net:27017], passives=[], arbiters=[], primary='mflix-shard-00-02-fl3im.mongodb.net:27017', tagSet=TagSet{[Tag{name='region', value='AP_SOUTH_1'}, Tag{name='provider', value='AWS'}, Tag{name='nodeType', value='ELECTABLE'}]}, electionId=null, setVersion=1, lastWriteDate=Sun Feb 02 01:49:55 IST 2020, lastUpdateTimeNanos=31877111538066}
2020-02-02 01:50:06.656  INFO 76492 --- [           main] org.mongodb.driver.connection            : Opened connection [connectionId{localValue:20, serverValue:66690}] to mflix-shard-00-02-fl3im.mongodb.net:27017
]]></system-out>
  </testcase>
</testsuite>